<?xml version="1.0" encoding="UTF-8"?>
<!-- Generated by org.testng.reporters.JUnitReportReporter -->
<testsuite hostname="LAPTOP-QAHH7Q6K" failures="0" tests="3" name="testNGPackage2.DemoTest1" time="0.028" errors="0" timestamp="2023-05-24T10:03:50 IST" skipped="0">
  <testcase classname="testNGPackage2.DemoTest1" name="f" time="0.002"/>
  <system-out>
    <![CDATA[f method From DemoTest1]]>
  </system-out>
  <testcase classname="testNGPackage2.DemoTest1" name="b" time="0.001"/>
  <system-out>
    <![CDATA[b method From DemoTest1]]>
  </system-out>
  <testcase classname="testNGPackage2.DemoTest1" name="j" time="0.025"/>
  <system-out>
    <![CDATA[j method From DemoTest1]]>
  </system-out>
</testsuite> <!-- testNGPackage2.DemoTest1 -->
