<?xml version="1.0" encoding="UTF-8"?>
<!-- Generated by org.testng.reporters.JUnitReportReporter -->
<testsuite hostname="LAPTOP-QAHH7Q6K" failures="0" tests="1" name="testNGPackage.Demo" time="0.002" errors="0" timestamp="2023-05-24T10:03:50 IST" skipped="0">
  <testcase classname="testNGPackage.Demo" name="f" time="0.002"/>
  <system-out>
    <![CDATA[Hiii TestNG!!]]>
  </system-out>
</testsuite> <!-- testNGPackage.Demo -->
