<?xml version="1.0" encoding="UTF-8"?>
<!-- Generated by org.testng.reporters.JUnitReportReporter -->
<testsuite hostname="LAPTOP-QAHH7Q6K" failures="0" tests="2" name="testNGAnnotations.Annotations" time="0.080" errors="0" timestamp="2023-05-24T10:03:50 IST" skipped="0">
  <testcase classname="testNGAnnotations.Annotations" name="testMethod" time="0.080"/>
  <system-out>
    <![CDATA[Test Annotation2]]>
  </system-out>
  <testcase classname="testNGAnnotations.Annotations" name="f" time="0.000"/>
  <system-out>
    <![CDATA[Test Annotation]]>
  </system-out>
</testsuite> <!-- testNGAnnotations.Annotations -->
