<?xml version="1.0" encoding="UTF-8"?>
<!-- Generated by org.testng.reporters.JUnitReportReporter -->
<testsuite hostname="LAPTOP-QAHH7Q6K" failures="0" tests="3" name="testNGPackage2.DemoTest3" time="0.011" errors="0" timestamp="2023-05-24T10:03:50 IST" skipped="0">
  <testcase classname="testNGPackage2.DemoTest3" name="h" time="0.008"/>
  <system-out>
    <![CDATA[h method From DemoTest3]]>
  </system-out>
  <testcase classname="testNGPackage2.DemoTest3" name="f" time="0.003"/>
  <system-out>
    <![CDATA[f method From DemoTest3]]>
  </system-out>
  <testcase classname="testNGPackage2.DemoTest3" name="i" time="0.000"/>
  <system-out>
    <![CDATA[i method From DemoTest3]]>
  </system-out>
</testsuite> <!-- testNGPackage2.DemoTest3 -->
