<?xml version="1.0" encoding="UTF-8"?>
<!-- Generated by org.testng.reporters.JUnitReportReporter -->
<testsuite hostname="LAPTOP-QAHH7Q6K" failures="0" tests="1" name="testNGPackage2.Test1" time="5.916" errors="0" timestamp="2023-05-24T10:03:50 IST" skipped="0">
  <testcase classname="testNGPackage2.Test1" name="test1Method" time="5.916"/>
  <system-out/>
</testsuite> <!-- testNGPackage2.Test1 -->
