<?xml version="1.0" encoding="UTF-8"?>
<!-- Generated by org.testng.reporters.JUnitReportReporter -->
<testsuite hostname="LAPTOP-QAHH7Q6K" failures="0" tests="2" name="testNGPackage2.MethodExecution" time="0.022" errors="0" timestamp="2023-05-24T10:20:19 IST" skipped="0">
  <testcase classname="testNGPackage2.MethodExecution" name="method1" time="0.011"/>
  <system-out>
    <![CDATA[19:is the thread id of Method
method 1]]>
  </system-out>
  <testcase classname="testNGPackage2.MethodExecution" name="Method2" time="0.011"/>
  <system-out>
    <![CDATA[18:is the thread id of Method
method 2]]>
  </system-out>
</testsuite> <!-- testNGPackage2.MethodExecution -->
