<?xml version="1.0" encoding="UTF-8"?>
<!-- Generated by org.testng.reporters.JUnitReportReporter -->
<testsuite hostname="LAPTOP-QAHH7Q6K" failures="0" tests="3" name="testNGPackage2.DemoTest2" time="0.007" errors="0" timestamp="2023-05-24T10:03:50 IST" skipped="0">
  <testcase classname="testNGPackage2.DemoTest2" name="e" time="0.000"/>
  <system-out>
    <![CDATA[e method From DemoTest2]]>
  </system-out>
  <testcase classname="testNGPackage2.DemoTest2" name="f" time="0.004"/>
  <system-out>
    <![CDATA[f method From DemoTest2]]>
  </system-out>
  <testcase classname="testNGPackage2.DemoTest2" name="f1" time="0.003"/>
  <system-out>
    <![CDATA[f1 method From DemoTest2]]>
  </system-out>
</testsuite> <!-- testNGPackage2.DemoTest2 -->
